2021-09-09 01:51:28:5128 [35mhttp[39m: [35mPOST /auth/registration 409 53 - 28.161 ms[39m
[35m[39m
2021-09-09 01:51:39:5139 [35mhttp[39m: [35mPOST /auth/registration 400 71 - 2.826 ms[39m
[35m[39m
2021-09-09 01:52:14:5214 [35mhttp[39m: [35mPOST /auth/login 200 130 - 93.790 ms[39m
[35m[39m
2021-09-09 01:52:19:5219 [35mhttp[39m: [35mPOST /auth/login 400 71 - 2.670 ms[39m
[35m[39m
2021-09-09 01:52:23:5223 [35mhttp[39m: [35mPOST /auth/login 200 130 - 80.297 ms[39m
[35m[39m
2021-09-09 01:55:36:5536 [32minfo[39m: [32m[object Object][39m
2021-09-09 01:55:36:5536 [35mhttp[39m: [35mPOST /auth/login 200 130 - 118.664 ms[39m
[35m[39m
2021-09-09 01:56:14:5614 [32minfo[39m: [32mjohndoe22@test.com[39m
2021-09-09 01:56:14:5614 [35mhttp[39m: [35mPOST /auth/login 200 130 - 118.606 ms[39m
[35m[39m
2021-09-09 01:59:02:592 [31merror[39m: [31mWHERE parameter "email" has invalid "undefined" value[39m
2021-09-09 01:59:02:592 [35mhttp[39m: [35mPOST /auth/login 400 91 - 30.271 ms[39m
[35m[39m
2021-09-09 01:59:23:5923 [32minfo[39m: [32mjohndoe22@test.com[39m
2021-09-09 01:59:23:5923 [35mhttp[39m: [35mPOST /auth/login 200 130 - 98.255 ms[39m
[35m[39m
2021-09-09 02:07:21:721 [32minfo[39m: [32mjohndoe22@test.com[39m
2021-09-09 02:07:21:721 [35mhttp[39m: [35mPOST /auth/login 200 130 - 112.185 ms[39m
[35m[39m
2021-09-09 02:07:24:724 [31merror[39m: [31mWHERE parameter "email" has invalid "undefined" value[39m
2021-09-09 02:07:24:724 [35mhttp[39m: [35mPOST /auth/login 400 91 - 24.959 ms[39m
[35m[39m
2021-09-09 02:08:15:815 [31merror[39m: [31mWHERE parameter "email" has invalid "undefined" value[39m
2021-09-09 02:08:15:815 [35mhttp[39m: [35mPOST /auth/login 400 91 - 28.724 ms[39m
[35m[39m
